CollegeRunApp/android/build/outputs/logs/manifest-merger-release-report.txt
-- Merging decision tree log ---
manifest
ADDED from CollegeRunApp/android/AndroidManifest.xml:3:1-29:12
INJECTED from CollegeRunApp/android/AndroidManifest.xml:3:1-29:12
INJECTED from CollegeRunApp/android/AndroidManifest.xml:3:1-29:12
INJECTED from CollegeRunApp/android/AndroidManifest.xml:3:1-29:12
INJECTED from CollegeRunApp/android/AndroidManifest.xml:3:1-29:12
INJECTED from CollegeRunApp/android/AndroidManifest.xml:3:1-29:12
INJECTED from CollegeRunApp/android/AndroidManifest.xml:3:1-29:12
	package
		ADDED from CollegeRunApp/android/AndroidManifest.xml:4:5-41
		INJECTED from CollegeRunApp/android/AndroidManifest.xml
		INJECTED from CollegeRunApp/android/AndroidManifest.xml
	android:versionName
		INJECTED from CollegeRunApp/android/AndroidManifest.xml
		ADDED from CollegeRunApp/android/AndroidManifest.xml:3:1-29:12
		INJECTED from CollegeRunApp/android/AndroidManifest.xml
	android:versionCode
		INJECTED from CollegeRunApp/android/AndroidManifest.xml
		ADDED from CollegeRunApp/android/AndroidManifest.xml:3:1-29:12
		INJECTED from CollegeRunApp/android/AndroidManifest.xml
	xmlns:android
		ADDED from CollegeRunApp/android/AndroidManifest.xml:3:11-69
uses-permission#android.permission.WRITE_EXTERNAL_STORAGE
ADDED from CollegeRunApp/android/AndroidManifest.xml:6:5-81
	android:name
		ADDED from CollegeRunApp/android/AndroidManifest.xml:6:22-78
uses-permission#android.permission.READ_PHONE_STATE
ADDED from CollegeRunApp/android/AndroidManifest.xml:7:5-75
	android:name
		ADDED from CollegeRunApp/android/AndroidManifest.xml:7:22-72
uses-permission#android.permission.READ_EXTERNAL_STORAGE
ADDED from CollegeRunApp/android/AndroidManifest.xml:8:5-80
	android:name
		ADDED from CollegeRunApp/android/AndroidManifest.xml:8:22-77
application
ADDED from CollegeRunApp/android/AndroidManifest.xml:10:5-27:19
	android:label
		ADDED from CollegeRunApp/android/AndroidManifest.xml:11:9-41
	android:fullBackupContent
		ADDED from CollegeRunApp/android/AndroidManifest.xml:15:9-41
	android:icon
		ADDED from CollegeRunApp/android/AndroidManifest.xml:14:9-43
	android:allowBackup
		ADDED from CollegeRunApp/android/AndroidManifest.xml:13:9-35
	android:theme
		ADDED from CollegeRunApp/android/AndroidManifest.xml:12:9-40
activity#com.cmscproject.collegerun.AndroidLauncher
ADDED from CollegeRunApp/android/AndroidManifest.xml:16:9-26:20
	android:screenOrientation
		ADDED from CollegeRunApp/android/AndroidManifest.xml:20:13-50
	android:label
		ADDED from CollegeRunApp/android/AndroidManifest.xml:19:13-45
	android:configChanges
		ADDED from CollegeRunApp/android/AndroidManifest.xml:18:13-107
	android:name
		ADDED from CollegeRunApp/android/AndroidManifest.xml:17:13-44
intent-filter#action:name:android.intent.action.MAIN+category:name:android.intent.category.LAUNCHER
ADDED from CollegeRunApp/android/AndroidManifest.xml:21:13-25:29
action#android.intent.action.MAIN
ADDED from CollegeRunApp/android/AndroidManifest.xml:22:17-69
	android:name
		ADDED from CollegeRunApp/android/AndroidManifest.xml:22:25-66
category#android.intent.category.LAUNCHER
ADDED from CollegeRunApp/android/AndroidManifest.xml:24:17-77
	android:name
		ADDED from CollegeRunApp/android/AndroidManifest.xml:24:27-74
uses-sdk
INJECTED from CollegeRunApp/android/AndroidManifest.xml reason: use-sdk injection requested
INJECTED from CollegeRunApp/android/AndroidManifest.xml
INJECTED from CollegeRunApp/android/AndroidManifest.xml
INJECTED from CollegeRunApp/android/AndroidManifest.xml
INJECTED from CollegeRunApp/android/AndroidManifest.xml
	android:targetSdkVersion
		INJECTED from CollegeRunApp/android/AndroidManifest.xml
		ADDED from CollegeRunApp/android/AndroidManifest.xml
		INJECTED from CollegeRunApp/android/AndroidManifest.xml
	android:minSdkVersion
		INJECTED from CollegeRunApp/android/AndroidManifest.xml
		ADDED from CollegeRunApp/android/AndroidManifest.xml
		INJECTED from CollegeRunApp/android/AndroidManifest.xml